<?xml version="1.0" encoding="UTF-8"?>
<!-- Generated by org.testng.reporters.JUnitReportReporter -->
<testsuite skipped="0" hostname="ADMINRG-J5B8G6T" name="Test1.testInstagram" tests="1" failures="0" timestamp="02 Jun 2018 06:32:08 GMT" time="19.534" errors="0">
  <testcase name="TestInstagram" time="19.534" classname="Test1.testInstagram"/>
</testsuite> <!-- Test1.testInstagram -->
