<?xml version="1.0" encoding="UTF-8"?>
<!-- Generated by org.testng.reporters.JUnitReportReporter -->
<testsuite skipped="0" hostname="ADMINRG-J5B8G6T" name="Test1.testTwitter" tests="1" failures="0" timestamp="02 Jun 2018 06:32:08 GMT" time="32.813" errors="0">
  <testcase name="TestTwitter" time="32.813" classname="Test1.testTwitter"/>
</testsuite> <!-- Test1.testTwitter -->
