<?xml version="1.0" encoding="UTF-8"?>
<!-- Generated by org.testng.reporters.JUnitReportReporter -->
<testsuite skipped="0" hostname="ADMINRG-J5B8G6T" name="Test1.testFacebook" tests="1" failures="0" timestamp="02 Jun 2018 07:59:04 GMT" time="15.445" errors="0">
  <testcase name="FaceBookTest" time="15.445" classname="Test1.testFacebook"/>
</testsuite> <!-- Test1.testFacebook -->
