<?xml version="1.0" encoding="UTF-8"?>
<!-- Generated by org.testng.reporters.JUnitReportReporter -->
<testsuite skipped="0" hostname="ADMINRG-J5B8G6T" name="Test1.testFacebook" tests="1" failures="0" timestamp="03 Jun 2018 05:40:50 GMT" time="124.480" errors="0">
  <testcase name="FaceBookTest" time="124.480" classname="Test1.testFacebook"/>
</testsuite> <!-- Test1.testFacebook -->
